<?xml version="1.0" encoding="UTF-8"?>
<!-- Generated by org.testng.reporters.JUnitReportReporter -->
<testsuite hostname="satchinu-PC" name="TestNG.PrintAllLinks" tests="1" failures="0" timestamp="9 May 2014 09:23:07 GMT" time="1.156" errors="0">
  <testcase name="verifylinks" time="1.156" classname="TestNG.PrintAllLinks"/>
</testsuite> <!-- TestNG.PrintAllLinks -->
