<?xml version="1.0" encoding="UTF-8"?>
<!-- Generated by org.testng.reporters.JUnitReportReporter -->
<testsuite hostname="satchinu-PC" name="sikuli.GmailAttach" tests="1" failures="0" timestamp="13 May 2014 17:57:45 GMT" time="22.491" errors="0">
  <testcase name="attachment" time="22.491" classname="sikuli.GmailAttach"/>
</testsuite> <!-- sikuli.GmailAttach -->
