<?xml version="1.0" encoding="UTF-8"?>
<!-- Generated by org.testng.reporters.JUnitReportReporter -->
<testsuite hostname="satchinu-PC" name="dataDriven.Spicejet" tests="1" failures="0" timestamp="21 May 2014 10:00:37 GMT" time="81.993" errors="0">
  <testcase name="reusablescript" time="81.993" classname="dataDriven.Spicejet"/>
</testsuite> <!-- dataDriven.Spicejet -->
