<?xml version="1.0" encoding="UTF-8"?>
<!-- Generated by org.testng.reporters.JUnitReportReporter -->
<testsuite hostname="satchinu-PC" name="TestNG.Ajaxcontrol" tests="1" failures="0" timestamp="8 May 2014 17:06:34 GMT" time="2.570" errors="0">
  <testcase name="googlesearch" time="2.570" classname="TestNG.Ajaxcontrol"/>
</testsuite> <!-- TestNG.Ajaxcontrol -->
