<?xml version="1.0" encoding="UTF-8"?>
<!-- Generated by org.testng.reporters.JUnitReportReporter -->
<testsuite hostname="satchinu-PC" name="TestNG.ReverseString" tests="1" failures="0" timestamp="9 May 2014 09:25:20 GMT" time="0.015" errors="0">
  <testcase name="f" time="0.015" classname="TestNG.ReverseString"/>
</testsuite> <!-- TestNG.ReverseString -->
