<?xml version="1.0" encoding="UTF-8"?>
<!-- Generated by org.testng.reporters.JUnitReportReporter -->
<testsuite hostname="satchinu-PC" name="TestNG.GoogleLanguages" tests="1" failures="0" timestamp="8 May 2014 17:29:06 GMT" time="6.916" errors="0">
  <testcase name="verifylanguages" time="6.916" classname="TestNG.GoogleLanguages"/>
</testsuite> <!-- TestNG.GoogleLanguages -->
