<?xml version="1.0" encoding="UTF-8"?>
<!-- Generated by org.testng.reporters.JUnitReportReporter -->
<testsuite hostname="satchinu-PC" name="ioStream.LoginResults_Step3" tests="1" failures="0" timestamp="19 May 2014 15:18:02 GMT" time="9.255" errors="0">
  <testcase name="f" time="9.255" classname="ioStream.LoginResults_Step3"/>
</testsuite> <!-- ioStream.LoginResults_Step3 -->
