<?xml version="1.0" encoding="UTF-8"?>
<!-- Generated by org.testng.reporters.JUnitReportReporter -->
<testsuite hostname="satchinu-PC" name="TestNG.Textbox_dropdowns_mailIn" tests="1" failures="0" timestamp="9 May 2014 09:18:20 GMT" time="19.861" errors="0">
  <testcase name="radio_id" time="19.861" classname="TestNG.Textbox_dropdowns_mailIn"/>
</testsuite> <!-- TestNG.Textbox_dropdowns_mailIn -->
