<?xml version="1.0" encoding="UTF-8"?>
<!-- Generated by org.testng.reporters.JUnitReportReporter -->
<testsuite hostname="satchinu-PC" name="dataDriven.DriverScript" tests="1" failures="0" timestamp="3 Jul 2014 12:08:30 GMT" time="38.539" errors="0">
  <testcase name="reUsableScript" time="38.539" classname="dataDriven.DriverScript"/>
</testsuite> <!-- dataDriven.DriverScript -->
