<?xml version="1.0" encoding="UTF-8"?>
<!-- Generated by org.testng.reporters.JUnitReportReporter -->
<testsuite hostname="satchinu-PC" name="ioStream.Login" tests="1" failures="0" timestamp="13 May 2014 20:13:53 GMT" time="375.036" errors="0">
  <testcase name="gmailLogin" time="375.036" classname="ioStream.Login"/>
</testsuite> <!-- ioStream.Login -->
